<?xml version="1.0" encoding="UTF-8"?>
<!-- Generated by org.testng.reporters.JUnitReportReporter -->
<testsuite hostname="TEKHANSW356" name="sample.maven.test.org.ParallelSuiteTest" tests="2" failures="0" timestamp="25 Aug 2016 07:13:57 GMT" time="0.000" errors="0">
  <testcase name="testMethodOne" time="0.000" classname="sample.maven.test.org.ParallelSuiteTest"/>
  <testcase name="testMethodOne" time="0.000" classname="sample.maven.test.org.ParallelSuiteTest"/>
</testsuite> <!-- sample.maven.test.org.ParallelSuiteTest -->
